<?xml version="1.0" encoding="UTF-8"?>
<Site BuildName="Linux-g++"
	BuildStamp="20241013-0626-Experimental"
	Name="admin"
	Generator="ctest-3.28.3"
	CompilerName="/usr/bin/g++"
	CompilerVersion="13.2.0"
	OSName="Linux"
	Hostname="admin"
	OSRelease="6.8.0-45-generic"
	OSVersion="#45-Ubuntu SMP PREEMPT_DYNAMIC Fri Aug 30 12:02:04 UTC 2024"
	OSPlatform="x86_64"
	Is64Bits="1"
	VendorString="AuthenticAMD"
	VendorID="Advanced Micro Devices"
	FamilyID="25"
	ModelID="97"
	ProcessorCacheSize="1024"
	NumberOfLogicalCPU="2"
	NumberOfPhysicalCPU="2"
	TotalVirtualMemory="0"
	TotalPhysicalMemory="3868"
	LogicalProcessorsPerPhysical="1"
	ProcessorClockFrequency="3693.06"
	>
	<Testing>
		<StartDateTime>Oct 13 14:23 MSK</StartDateTime>
		<StartTestTime>1728818627</StartTestTime>
		<TestList/>
		<EndDateTime>Oct 13 14:23 MSK</EndDateTime>
		<EndTestTime>1728818627</EndTestTime>
		<ElapsedMinutes>0</ElapsedMinutes>
	</Testing>
</Site>
